ERROR - 2023-05-23 06:46:38 --> Error connecting to the database: mysqli_sql_exception: Unknown database 'backend_landingpage_smart' in D:\Ilham\BTI-Projects\landingpage-smart\vendor\codeigniter4\framework\system\Database\MySQLi\Connection.php:174
Stack trace:
#0 D:\Ilham\BTI-Projects\landingpage-smart\vendor\codeigniter4\framework\system\Database\MySQLi\Connection.php(174): mysqli->real_connect('localhost', 'root', '', 'backend_landing...', 3306, '', 0)
#1 D:\Ilham\BTI-Projects\landingpage-smart\vendor\codeigniter4\framework\system\Database\BaseConnection.php(391): CodeIgniter\Database\MySQLi\Connection->connect(false)
#2 D:\Ilham\BTI-Projects\landingpage-smart\vendor\codeigniter4\framework\system\Database\BaseConnection.php(574): CodeIgniter\Database\BaseConnection->initialize()
#3 D:\Ilham\BTI-Projects\landingpage-smart\vendor\codeigniter4\framework\system\Database\BaseConnection.php(1409): CodeIgniter\Database\BaseConnection->query('SHOW TABLES FRO...')
#4 D:\Ilham\BTI-Projects\landingpage-smart\vendor\codeigniter4\framework\system\Database\BaseConnection.php(1428): CodeIgniter\Database\BaseConnection->listTables()
#5 D:\Ilham\BTI-Projects\landingpage-smart\vendor\codeigniter4\framework\system\Database\MigrationRunner.php(768): CodeIgniter\Database\BaseConnection->tableExists('migrations')
#6 D:\Ilham\BTI-Projects\landingpage-smart\vendor\codeigniter4\framework\system\Database\MigrationRunner.php(168): CodeIgniter\Database\MigrationRunner->ensureTable()
#7 D:\Ilham\BTI-Projects\landingpage-smart\vendor\codeigniter4\framework\system\Commands\Database\Migrate.php(84): CodeIgniter\Database\MigrationRunner->latest(NULL)
#8 D:\Ilham\BTI-Projects\landingpage-smart\vendor\codeigniter4\framework\system\CLI\Commands.php(65): CodeIgniter\Commands\Database\Migrate->run(Array)
#9 D:\Ilham\BTI-Projects\landingpage-smart\vendor\codeigniter4\framework\system\CLI\Console.php(37): CodeIgniter\CLI\Commands->run('migrate', Array)
#10 D:\Ilham\BTI-Projects\landingpage-smart\spark(97): CodeIgniter\CLI\Console->run()
#11 {main}

Next CodeIgniter\Database\Exceptions\DatabaseException: Unknown database 'backend_landingpage_smart' in D:\Ilham\BTI-Projects\landingpage-smart\vendor\codeigniter4\framework\system\Database\MySQLi\Connection.php:218
Stack trace:
#0 D:\Ilham\BTI-Projects\landingpage-smart\vendor\codeigniter4\framework\system\Database\BaseConnection.php(391): CodeIgniter\Database\MySQLi\Connection->connect(false)
#1 D:\Ilham\BTI-Projects\landingpage-smart\vendor\codeigniter4\framework\system\Database\BaseConnection.php(574): CodeIgniter\Database\BaseConnection->initialize()
#2 D:\Ilham\BTI-Projects\landingpage-smart\vendor\codeigniter4\framework\system\Database\BaseConnection.php(1409): CodeIgniter\Database\BaseConnection->query('SHOW TABLES FRO...')
#3 D:\Ilham\BTI-Projects\landingpage-smart\vendor\codeigniter4\framework\system\Database\BaseConnection.php(1428): CodeIgniter\Database\BaseConnection->listTables()
#4 D:\Ilham\BTI-Projects\landingpage-smart\vendor\codeigniter4\framework\system\Database\MigrationRunner.php(768): CodeIgniter\Database\BaseConnection->tableExists('migrations')
#5 D:\Ilham\BTI-Projects\landingpage-smart\vendor\codeigniter4\framework\system\Database\MigrationRunner.php(168): CodeIgniter\Database\MigrationRunner->ensureTable()
#6 D:\Ilham\BTI-Projects\landingpage-smart\vendor\codeigniter4\framework\system\Commands\Database\Migrate.php(84): CodeIgniter\Database\MigrationRunner->latest(NULL)
#7 D:\Ilham\BTI-Projects\landingpage-smart\vendor\codeigniter4\framework\system\CLI\Commands.php(65): CodeIgniter\Commands\Database\Migrate->run(Array)
#8 D:\Ilham\BTI-Projects\landingpage-smart\vendor\codeigniter4\framework\system\CLI\Console.php(37): CodeIgniter\CLI\Commands->run('migrate', Array)
#9 D:\Ilham\BTI-Projects\landingpage-smart\spark(97): CodeIgniter\CLI\Console->run()
#10 {main}
ERROR - 2023-05-23 06:46:51 --> mysqli_sql_exception: Incorrect table definition; there can be only one auto column and it must be defined as a key in D:\Ilham\BTI-Projects\landingpage-smart\vendor\codeigniter4\framework\system\Database\MySQLi\Connection.php:295
Stack trace:
#0 D:\Ilham\BTI-Projects\landingpage-smart\vendor\codeigniter4\framework\system\Database\MySQLi\Connection.php(295): mysqli->query('CREATE TABLE `u...', 0)
#1 D:\Ilham\BTI-Projects\landingpage-smart\vendor\codeigniter4\framework\system\Database\BaseConnection.php(692): CodeIgniter\Database\MySQLi\Connection->execute('CREATE TABLE `u...')
#2 D:\Ilham\BTI-Projects\landingpage-smart\vendor\codeigniter4\framework\system\Database\BaseConnection.php(606): CodeIgniter\Database\BaseConnection->simpleQuery('CREATE TABLE `u...')
#3 D:\Ilham\BTI-Projects\landingpage-smart\vendor\codeigniter4\framework\system\Database\Forge.php(546): CodeIgniter\Database\BaseConnection->query('CREATE TABLE `u...')
#4 D:\Ilham\BTI-Projects\landingpage-smart\app\Database\Migrations\2023-05-23-063905_User.php(32): CodeIgniter\Database\Forge->createTable('users')
#5 D:\Ilham\BTI-Projects\landingpage-smart\vendor\codeigniter4\framework\system\Database\MigrationRunner.php(877): App\Database\Migrations\User->up()
#6 D:\Ilham\BTI-Projects\landingpage-smart\vendor\codeigniter4\framework\system\Database\MigrationRunner.php(188): CodeIgniter\Database\MigrationRunner->migrate('up', Object(stdClass))
#7 D:\Ilham\BTI-Projects\landingpage-smart\vendor\codeigniter4\framework\system\Commands\Database\Migrate.php(84): CodeIgniter\Database\MigrationRunner->latest(NULL)
#8 D:\Ilham\BTI-Projects\landingpage-smart\vendor\codeigniter4\framework\system\CLI\Commands.php(65): CodeIgniter\Commands\Database\Migrate->run(Array)
#9 D:\Ilham\BTI-Projects\landingpage-smart\vendor\codeigniter4\framework\system\CLI\Console.php(37): CodeIgniter\CLI\Commands->run('migrate', Array)
#10 D:\Ilham\BTI-Projects\landingpage-smart\spark(97): CodeIgniter\CLI\Console->run()
#11 {main}
ERROR - 2023-05-23 06:47:05 --> mysqli_sql_exception: Incorrect table definition; there can be only one auto column and it must be defined as a key in D:\Ilham\BTI-Projects\landingpage-smart\vendor\codeigniter4\framework\system\Database\MySQLi\Connection.php:295
Stack trace:
#0 D:\Ilham\BTI-Projects\landingpage-smart\vendor\codeigniter4\framework\system\Database\MySQLi\Connection.php(295): mysqli->query('CREATE TABLE `u...', 0)
#1 D:\Ilham\BTI-Projects\landingpage-smart\vendor\codeigniter4\framework\system\Database\BaseConnection.php(692): CodeIgniter\Database\MySQLi\Connection->execute('CREATE TABLE `u...')
#2 D:\Ilham\BTI-Projects\landingpage-smart\vendor\codeigniter4\framework\system\Database\BaseConnection.php(606): CodeIgniter\Database\BaseConnection->simpleQuery('CREATE TABLE `u...')
#3 D:\Ilham\BTI-Projects\landingpage-smart\vendor\codeigniter4\framework\system\Database\Forge.php(546): CodeIgniter\Database\BaseConnection->query('CREATE TABLE `u...')
#4 D:\Ilham\BTI-Projects\landingpage-smart\app\Database\Migrations\2023-05-23-063905_User.php(31): CodeIgniter\Database\Forge->createTable('users')
#5 D:\Ilham\BTI-Projects\landingpage-smart\vendor\codeigniter4\framework\system\Database\MigrationRunner.php(877): App\Database\Migrations\User->up()
#6 D:\Ilham\BTI-Projects\landingpage-smart\vendor\codeigniter4\framework\system\Database\MigrationRunner.php(188): CodeIgniter\Database\MigrationRunner->migrate('up', Object(stdClass))
#7 D:\Ilham\BTI-Projects\landingpage-smart\vendor\codeigniter4\framework\system\Commands\Database\Migrate.php(84): CodeIgniter\Database\MigrationRunner->latest(NULL)
#8 D:\Ilham\BTI-Projects\landingpage-smart\vendor\codeigniter4\framework\system\CLI\Commands.php(65): CodeIgniter\Commands\Database\Migrate->run(Array)
#9 D:\Ilham\BTI-Projects\landingpage-smart\vendor\codeigniter4\framework\system\CLI\Console.php(37): CodeIgniter\CLI\Commands->run('migrate', Array)
#10 D:\Ilham\BTI-Projects\landingpage-smart\spark(97): CodeIgniter\CLI\Console->run()
#11 {main}
ERROR - 2023-05-23 07:03:03 --> mysqli_sql_exception: Invalid default value for 'created_at' in D:\Ilham\BTI-Projects\landingpage-smart\vendor\codeigniter4\framework\system\Database\MySQLi\Connection.php:295
Stack trace:
#0 D:\Ilham\BTI-Projects\landingpage-smart\vendor\codeigniter4\framework\system\Database\MySQLi\Connection.php(295): mysqli->query('CREATE TABLE `u...', 0)
#1 D:\Ilham\BTI-Projects\landingpage-smart\vendor\codeigniter4\framework\system\Database\BaseConnection.php(692): CodeIgniter\Database\MySQLi\Connection->execute('CREATE TABLE `u...')
#2 D:\Ilham\BTI-Projects\landingpage-smart\vendor\codeigniter4\framework\system\Database\BaseConnection.php(606): CodeIgniter\Database\BaseConnection->simpleQuery('CREATE TABLE `u...')
#3 D:\Ilham\BTI-Projects\landingpage-smart\vendor\codeigniter4\framework\system\Database\Forge.php(546): CodeIgniter\Database\BaseConnection->query('CREATE TABLE `u...')
#4 D:\Ilham\BTI-Projects\landingpage-smart\app\Database\Migrations\2023-05-23-063905_User.php(39): CodeIgniter\Database\Forge->createTable('users')
#5 D:\Ilham\BTI-Projects\landingpage-smart\vendor\codeigniter4\framework\system\Database\MigrationRunner.php(877): App\Database\Migrations\User->up()
#6 D:\Ilham\BTI-Projects\landingpage-smart\vendor\codeigniter4\framework\system\Database\MigrationRunner.php(188): CodeIgniter\Database\MigrationRunner->migrate('up', Object(stdClass))
#7 D:\Ilham\BTI-Projects\landingpage-smart\vendor\codeigniter4\framework\system\Commands\Database\Migrate.php(84): CodeIgniter\Database\MigrationRunner->latest(NULL)
#8 D:\Ilham\BTI-Projects\landingpage-smart\vendor\codeigniter4\framework\system\CLI\Commands.php(65): CodeIgniter\Commands\Database\Migrate->run(Array)
#9 D:\Ilham\BTI-Projects\landingpage-smart\vendor\codeigniter4\framework\system\CLI\Console.php(37): CodeIgniter\CLI\Commands->run('migrate', Array)
#10 D:\Ilham\BTI-Projects\landingpage-smart\spark(97): CodeIgniter\CLI\Console->run()
#11 {main}
ERROR - 2023-05-23 07:03:23 --> mysqli_sql_exception: Invalid default value for 'created_at' in D:\Ilham\BTI-Projects\landingpage-smart\vendor\codeigniter4\framework\system\Database\MySQLi\Connection.php:295
Stack trace:
#0 D:\Ilham\BTI-Projects\landingpage-smart\vendor\codeigniter4\framework\system\Database\MySQLi\Connection.php(295): mysqli->query('CREATE TABLE `u...', 0)
#1 D:\Ilham\BTI-Projects\landingpage-smart\vendor\codeigniter4\framework\system\Database\BaseConnection.php(692): CodeIgniter\Database\MySQLi\Connection->execute('CREATE TABLE `u...')
#2 D:\Ilham\BTI-Projects\landingpage-smart\vendor\codeigniter4\framework\system\Database\BaseConnection.php(606): CodeIgniter\Database\BaseConnection->simpleQuery('CREATE TABLE `u...')
#3 D:\Ilham\BTI-Projects\landingpage-smart\vendor\codeigniter4\framework\system\Database\Forge.php(546): CodeIgniter\Database\BaseConnection->query('CREATE TABLE `u...')
#4 D:\Ilham\BTI-Projects\landingpage-smart\app\Database\Migrations\2023-05-23-063905_User.php(39): CodeIgniter\Database\Forge->createTable('users')
#5 D:\Ilham\BTI-Projects\landingpage-smart\vendor\codeigniter4\framework\system\Database\MigrationRunner.php(877): App\Database\Migrations\User->up()
#6 D:\Ilham\BTI-Projects\landingpage-smart\vendor\codeigniter4\framework\system\Database\MigrationRunner.php(188): CodeIgniter\Database\MigrationRunner->migrate('up', Object(stdClass))
#7 D:\Ilham\BTI-Projects\landingpage-smart\vendor\codeigniter4\framework\system\Commands\Database\Migrate.php(84): CodeIgniter\Database\MigrationRunner->latest(NULL)
#8 D:\Ilham\BTI-Projects\landingpage-smart\vendor\codeigniter4\framework\system\CLI\Commands.php(65): CodeIgniter\Commands\Database\Migrate->run(Array)
#9 D:\Ilham\BTI-Projects\landingpage-smart\vendor\codeigniter4\framework\system\CLI\Console.php(37): CodeIgniter\CLI\Commands->run('migrate', Array)
#10 D:\Ilham\BTI-Projects\landingpage-smart\spark(97): CodeIgniter\CLI\Console->run()
#11 {main}
ERROR - 2023-05-23 07:06:46 --> mysqli_sql_exception: Invalid default value for 'created_at' in D:\Ilham\BTI-Projects\landingpage-smart\vendor\codeigniter4\framework\system\Database\MySQLi\Connection.php:295
Stack trace:
#0 D:\Ilham\BTI-Projects\landingpage-smart\vendor\codeigniter4\framework\system\Database\MySQLi\Connection.php(295): mysqli->query('CREATE TABLE `u...', 0)
#1 D:\Ilham\BTI-Projects\landingpage-smart\vendor\codeigniter4\framework\system\Database\BaseConnection.php(692): CodeIgniter\Database\MySQLi\Connection->execute('CREATE TABLE `u...')
#2 D:\Ilham\BTI-Projects\landingpage-smart\vendor\codeigniter4\framework\system\Database\BaseConnection.php(606): CodeIgniter\Database\BaseConnection->simpleQuery('CREATE TABLE `u...')
#3 D:\Ilham\BTI-Projects\landingpage-smart\vendor\codeigniter4\framework\system\Database\Forge.php(546): CodeIgniter\Database\BaseConnection->query('CREATE TABLE `u...')
#4 D:\Ilham\BTI-Projects\landingpage-smart\app\Database\Migrations\2023-05-23-063905_User.php(35): CodeIgniter\Database\Forge->createTable('users')
#5 D:\Ilham\BTI-Projects\landingpage-smart\vendor\codeigniter4\framework\system\Database\MigrationRunner.php(877): App\Database\Migrations\User->up()
#6 D:\Ilham\BTI-Projects\landingpage-smart\vendor\codeigniter4\framework\system\Database\MigrationRunner.php(188): CodeIgniter\Database\MigrationRunner->migrate('up', Object(stdClass))
#7 D:\Ilham\BTI-Projects\landingpage-smart\vendor\codeigniter4\framework\system\Commands\Database\Migrate.php(84): CodeIgniter\Database\MigrationRunner->latest(NULL)
#8 D:\Ilham\BTI-Projects\landingpage-smart\vendor\codeigniter4\framework\system\CLI\Commands.php(65): CodeIgniter\Commands\Database\Migrate->run(Array)
#9 D:\Ilham\BTI-Projects\landingpage-smart\vendor\codeigniter4\framework\system\CLI\Console.php(37): CodeIgniter\CLI\Commands->run('migrate', Array)
#10 D:\Ilham\BTI-Projects\landingpage-smart\spark(97): CodeIgniter\CLI\Console->run()
#11 {main}
ERROR - 2023-05-23 07:07:07 --> mysqli_sql_exception: Invalid default value for 'created_at' in D:\Ilham\BTI-Projects\landingpage-smart\vendor\codeigniter4\framework\system\Database\MySQLi\Connection.php:295
Stack trace:
#0 D:\Ilham\BTI-Projects\landingpage-smart\vendor\codeigniter4\framework\system\Database\MySQLi\Connection.php(295): mysqli->query('CREATE TABLE `u...', 0)
#1 D:\Ilham\BTI-Projects\landingpage-smart\vendor\codeigniter4\framework\system\Database\BaseConnection.php(692): CodeIgniter\Database\MySQLi\Connection->execute('CREATE TABLE `u...')
#2 D:\Ilham\BTI-Projects\landingpage-smart\vendor\codeigniter4\framework\system\Database\BaseConnection.php(606): CodeIgniter\Database\BaseConnection->simpleQuery('CREATE TABLE `u...')
#3 D:\Ilham\BTI-Projects\landingpage-smart\vendor\codeigniter4\framework\system\Database\Forge.php(546): CodeIgniter\Database\BaseConnection->query('CREATE TABLE `u...')
#4 D:\Ilham\BTI-Projects\landingpage-smart\app\Database\Migrations\2023-05-23-063905_User.php(35): CodeIgniter\Database\Forge->createTable('users')
#5 D:\Ilham\BTI-Projects\landingpage-smart\vendor\codeigniter4\framework\system\Database\MigrationRunner.php(877): App\Database\Migrations\User->up()
#6 D:\Ilham\BTI-Projects\landingpage-smart\vendor\codeigniter4\framework\system\Database\MigrationRunner.php(188): CodeIgniter\Database\MigrationRunner->migrate('up', Object(stdClass))
#7 D:\Ilham\BTI-Projects\landingpage-smart\vendor\codeigniter4\framework\system\Commands\Database\Migrate.php(84): CodeIgniter\Database\MigrationRunner->latest(NULL)
#8 D:\Ilham\BTI-Projects\landingpage-smart\vendor\codeigniter4\framework\system\CLI\Commands.php(65): CodeIgniter\Commands\Database\Migrate->run(Array)
#9 D:\Ilham\BTI-Projects\landingpage-smart\vendor\codeigniter4\framework\system\CLI\Console.php(37): CodeIgniter\CLI\Commands->run('migrate', Array)
#10 D:\Ilham\BTI-Projects\landingpage-smart\spark(97): CodeIgniter\CLI\Console->run()
#11 {main}
ERROR - 2023-05-23 07:07:37 --> mysqli_sql_exception: Invalid default value for 'created_at' in D:\Ilham\BTI-Projects\landingpage-smart\vendor\codeigniter4\framework\system\Database\MySQLi\Connection.php:295
Stack trace:
#0 D:\Ilham\BTI-Projects\landingpage-smart\vendor\codeigniter4\framework\system\Database\MySQLi\Connection.php(295): mysqli->query('CREATE TABLE `u...', 0)
#1 D:\Ilham\BTI-Projects\landingpage-smart\vendor\codeigniter4\framework\system\Database\BaseConnection.php(692): CodeIgniter\Database\MySQLi\Connection->execute('CREATE TABLE `u...')
#2 D:\Ilham\BTI-Projects\landingpage-smart\vendor\codeigniter4\framework\system\Database\BaseConnection.php(606): CodeIgniter\Database\BaseConnection->simpleQuery('CREATE TABLE `u...')
#3 D:\Ilham\BTI-Projects\landingpage-smart\vendor\codeigniter4\framework\system\Database\Forge.php(546): CodeIgniter\Database\BaseConnection->query('CREATE TABLE `u...')
#4 D:\Ilham\BTI-Projects\landingpage-smart\app\Database\Migrations\2023-05-23-063905_User.php(35): CodeIgniter\Database\Forge->createTable('users')
#5 D:\Ilham\BTI-Projects\landingpage-smart\vendor\codeigniter4\framework\system\Database\MigrationRunner.php(877): App\Database\Migrations\User->up()
#6 D:\Ilham\BTI-Projects\landingpage-smart\vendor\codeigniter4\framework\system\Database\MigrationRunner.php(188): CodeIgniter\Database\MigrationRunner->migrate('up', Object(stdClass))
#7 D:\Ilham\BTI-Projects\landingpage-smart\vendor\codeigniter4\framework\system\Commands\Database\Migrate.php(84): CodeIgniter\Database\MigrationRunner->latest(NULL)
#8 D:\Ilham\BTI-Projects\landingpage-smart\vendor\codeigniter4\framework\system\CLI\Commands.php(65): CodeIgniter\Commands\Database\Migrate->run(Array)
#9 D:\Ilham\BTI-Projects\landingpage-smart\vendor\codeigniter4\framework\system\CLI\Console.php(37): CodeIgniter\CLI\Commands->run('migrate', Array)
#10 D:\Ilham\BTI-Projects\landingpage-smart\spark(97): CodeIgniter\CLI\Console->run()
#11 {main}
CRITICAL - 2023-05-23 07:21:45 --> Cannot declare class App\Database\Migrations\User, because the name is already in use
in APPPATH\Database\Migrations\2023-05-23-063905_User.php on line 7.
 1 [internal function]: CodeIgniter\Debug\Exceptions->shutdownHandler()
ERROR - 2023-05-23 07:21:53 --> mysqli_sql_exception: Table 'settings' already exists in D:\Ilham\BTI-Projects\landingpage-smart\vendor\codeigniter4\framework\system\Database\MySQLi\Connection.php:295
Stack trace:
#0 D:\Ilham\BTI-Projects\landingpage-smart\vendor\codeigniter4\framework\system\Database\MySQLi\Connection.php(295): mysqli->query('CREATE TABLE `s...', 0)
#1 D:\Ilham\BTI-Projects\landingpage-smart\vendor\codeigniter4\framework\system\Database\BaseConnection.php(692): CodeIgniter\Database\MySQLi\Connection->execute('CREATE TABLE `s...')
#2 D:\Ilham\BTI-Projects\landingpage-smart\vendor\codeigniter4\framework\system\Database\BaseConnection.php(606): CodeIgniter\Database\BaseConnection->simpleQuery('CREATE TABLE `s...')
#3 D:\Ilham\BTI-Projects\landingpage-smart\vendor\codeigniter4\framework\system\Database\Forge.php(546): CodeIgniter\Database\BaseConnection->query('CREATE TABLE `s...')
#4 D:\Ilham\BTI-Projects\landingpage-smart\app\Database\Migrations\2023-05-23-063902_Setting.php(36): CodeIgniter\Database\Forge->createTable('settings')
#5 D:\Ilham\BTI-Projects\landingpage-smart\vendor\codeigniter4\framework\system\Database\MigrationRunner.php(877): App\Database\Migrations\Setting->up()
#6 D:\Ilham\BTI-Projects\landingpage-smart\vendor\codeigniter4\framework\system\Database\MigrationRunner.php(188): CodeIgniter\Database\MigrationRunner->migrate('up', Object(stdClass))
#7 D:\Ilham\BTI-Projects\landingpage-smart\vendor\codeigniter4\framework\system\Commands\Database\Migrate.php(84): CodeIgniter\Database\MigrationRunner->latest(NULL)
#8 D:\Ilham\BTI-Projects\landingpage-smart\vendor\codeigniter4\framework\system\CLI\Commands.php(65): CodeIgniter\Commands\Database\Migrate->run(Array)
#9 D:\Ilham\BTI-Projects\landingpage-smart\vendor\codeigniter4\framework\system\CLI\Console.php(37): CodeIgniter\CLI\Commands->run('migrate', Array)
#10 D:\Ilham\BTI-Projects\landingpage-smart\spark(97): CodeIgniter\CLI\Console->run()
#11 {main}
ERROR - 2023-05-23 08:03:14 --> mysqli_sql_exception: You have an error in your SQL syntax; check the manual that corresponds to your MySQL server version for the right syntax to use near '0, 1, 2) VALUES (:0:, :1:, :2:)' at line 1 in D:\Ilham\BTI-Projects\landingpage-smart\vendor\codeigniter4\framework\system\Database\MySQLi\Connection.php:295
Stack trace:
#0 D:\Ilham\BTI-Projects\landingpage-smart\vendor\codeigniter4\framework\system\Database\MySQLi\Connection.php(295): mysqli->query('INSERT IGNORE I...', 0)
#1 D:\Ilham\BTI-Projects\landingpage-smart\vendor\codeigniter4\framework\system\Database\BaseConnection.php(692): CodeIgniter\Database\MySQLi\Connection->execute('INSERT IGNORE I...')
#2 D:\Ilham\BTI-Projects\landingpage-smart\vendor\codeigniter4\framework\system\Database\BaseConnection.php(606): CodeIgniter\Database\BaseConnection->simpleQuery('INSERT IGNORE I...')
#3 D:\Ilham\BTI-Projects\landingpage-smart\vendor\codeigniter4\framework\system\Database\BaseBuilder.php(2309): CodeIgniter\Database\BaseConnection->query('INSERT IGNORE I...', Array, false)
#4 D:\Ilham\BTI-Projects\landingpage-smart\app\Database\Seeds\Setting.php(30): CodeIgniter\Database\BaseBuilder->insert(Array)
#5 D:\Ilham\BTI-Projects\landingpage-smart\vendor\codeigniter4\framework\system\Database\Seeder.php(146): App\Database\Seeds\Setting->run()
#6 D:\Ilham\BTI-Projects\landingpage-smart\vendor\codeigniter4\framework\system\Commands\Database\Seed.php(77): CodeIgniter\Database\Seeder->call('App\\Database\\Se...')
#7 D:\Ilham\BTI-Projects\landingpage-smart\vendor\codeigniter4\framework\system\CLI\Commands.php(65): CodeIgniter\Commands\Database\Seed->run(Array)
#8 D:\Ilham\BTI-Projects\landingpage-smart\vendor\codeigniter4\framework\system\CLI\Console.php(37): CodeIgniter\CLI\Commands->run('db:seed', Array)
#9 D:\Ilham\BTI-Projects\landingpage-smart\spark(97): CodeIgniter\CLI\Console->run()
#10 {main}
ERROR - 2023-05-23 08:06:06 --> mysqli_sql_exception: Invalid default value for 'created_at' in D:\Ilham\BTI-Projects\landingpage-smart\vendor\codeigniter4\framework\system\Database\MySQLi\Connection.php:295
Stack trace:
#0 D:\Ilham\BTI-Projects\landingpage-smart\vendor\codeigniter4\framework\system\Database\MySQLi\Connection.php(295): mysqli->query('CREATE TABLE `s...', 0)
#1 D:\Ilham\BTI-Projects\landingpage-smart\vendor\codeigniter4\framework\system\Database\BaseConnection.php(692): CodeIgniter\Database\MySQLi\Connection->execute('CREATE TABLE `s...')
#2 D:\Ilham\BTI-Projects\landingpage-smart\vendor\codeigniter4\framework\system\Database\BaseConnection.php(606): CodeIgniter\Database\BaseConnection->simpleQuery('CREATE TABLE `s...')
#3 D:\Ilham\BTI-Projects\landingpage-smart\vendor\codeigniter4\framework\system\Database\Forge.php(546): CodeIgniter\Database\BaseConnection->query('CREATE TABLE `s...')
#4 D:\Ilham\BTI-Projects\landingpage-smart\app\Database\Migrations\2023-05-23-063902_Setting.php(35): CodeIgniter\Database\Forge->createTable('settings')
#5 D:\Ilham\BTI-Projects\landingpage-smart\vendor\codeigniter4\framework\system\Database\MigrationRunner.php(877): App\Database\Migrations\Setting->up()
#6 D:\Ilham\BTI-Projects\landingpage-smart\vendor\codeigniter4\framework\system\Database\MigrationRunner.php(188): CodeIgniter\Database\MigrationRunner->migrate('up', Object(stdClass))
#7 D:\Ilham\BTI-Projects\landingpage-smart\vendor\codeigniter4\framework\system\Commands\Database\Migrate.php(84): CodeIgniter\Database\MigrationRunner->latest(NULL)
#8 D:\Ilham\BTI-Projects\landingpage-smart\vendor\codeigniter4\framework\system\CLI\Commands.php(65): CodeIgniter\Commands\Database\Migrate->run(Array)
#9 D:\Ilham\BTI-Projects\landingpage-smart\vendor\codeigniter4\framework\system\CLI\Console.php(37): CodeIgniter\CLI\Commands->run('migrate', Array)
#10 D:\Ilham\BTI-Projects\landingpage-smart\spark(97): CodeIgniter\CLI\Console->run()
#11 {main}
ERROR - 2023-05-23 08:11:19 --> mysqli_sql_exception: You have an error in your SQL syntax; check the manual that corresponds to your MySQL server version for the right syntax to use near '0) VALUES (:0:)' at line 1 in D:\Ilham\BTI-Projects\landingpage-smart\vendor\codeigniter4\framework\system\Database\MySQLi\Connection.php:295
Stack trace:
#0 D:\Ilham\BTI-Projects\landingpage-smart\vendor\codeigniter4\framework\system\Database\MySQLi\Connection.php(295): mysqli->query('INSERT IGNORE I...', 0)
#1 D:\Ilham\BTI-Projects\landingpage-smart\vendor\codeigniter4\framework\system\Database\BaseConnection.php(692): CodeIgniter\Database\MySQLi\Connection->execute('INSERT IGNORE I...')
#2 D:\Ilham\BTI-Projects\landingpage-smart\vendor\codeigniter4\framework\system\Database\BaseConnection.php(606): CodeIgniter\Database\BaseConnection->simpleQuery('INSERT IGNORE I...')
#3 D:\Ilham\BTI-Projects\landingpage-smart\vendor\codeigniter4\framework\system\Database\BaseBuilder.php(2309): CodeIgniter\Database\BaseConnection->query('INSERT IGNORE I...', Array, false)
#4 D:\Ilham\BTI-Projects\landingpage-smart\app\Database\Seeds\User.php(27): CodeIgniter\Database\BaseBuilder->insert(Array)
#5 D:\Ilham\BTI-Projects\landingpage-smart\vendor\codeigniter4\framework\system\Database\Seeder.php(146): App\Database\Seeds\User->run()
#6 D:\Ilham\BTI-Projects\landingpage-smart\app\Database\Seeds\SeedMe.php(12): CodeIgniter\Database\Seeder->call('App\\Database\\Se...')
#7 D:\Ilham\BTI-Projects\landingpage-smart\vendor\codeigniter4\framework\system\Database\Seeder.php(146): App\Database\Seeds\SeedMe->run()
#8 D:\Ilham\BTI-Projects\landingpage-smart\vendor\codeigniter4\framework\system\Commands\Database\Seed.php(77): CodeIgniter\Database\Seeder->call('App\\Database\\Se...')
#9 D:\Ilham\BTI-Projects\landingpage-smart\vendor\codeigniter4\framework\system\CLI\Commands.php(65): CodeIgniter\Commands\Database\Seed->run(Array)
#10 D:\Ilham\BTI-Projects\landingpage-smart\vendor\codeigniter4\framework\system\CLI\Console.php(37): CodeIgniter\CLI\Commands->run('db:seed', Array)
#11 D:\Ilham\BTI-Projects\landingpage-smart\spark(97): CodeIgniter\CLI\Console->run()
#12 {main}
ERROR - 2023-05-23 08:19:52 --> mysqli_sql_exception: You have an error in your SQL syntax; check the manual that corresponds to your MySQL server version for the right syntax to use near '0, 1, 2, 3, 4, 5, 6, 7, 8, 9, 10) VALUES (:0:, :1:, :2:, :3:, :4:, :5:, :6:, :7:' at line 1 in D:\Ilham\BTI-Projects\landingpage-smart\vendor\codeigniter4\framework\system\Database\MySQLi\Connection.php:295
Stack trace:
#0 D:\Ilham\BTI-Projects\landingpage-smart\vendor\codeigniter4\framework\system\Database\MySQLi\Connection.php(295): mysqli->query('INSERT IGNORE I...', 0)
#1 D:\Ilham\BTI-Projects\landingpage-smart\vendor\codeigniter4\framework\system\Database\BaseConnection.php(692): CodeIgniter\Database\MySQLi\Connection->execute('INSERT IGNORE I...')
#2 D:\Ilham\BTI-Projects\landingpage-smart\vendor\codeigniter4\framework\system\Database\BaseConnection.php(606): CodeIgniter\Database\BaseConnection->simpleQuery('INSERT IGNORE I...')
#3 D:\Ilham\BTI-Projects\landingpage-smart\vendor\codeigniter4\framework\system\Database\BaseBuilder.php(2309): CodeIgniter\Database\BaseConnection->query('INSERT IGNORE I...', Array, false)
#4 D:\Ilham\BTI-Projects\landingpage-smart\app\Database\Seeds\Jurusan.php(74): CodeIgniter\Database\BaseBuilder->insert(Array)
#5 D:\Ilham\BTI-Projects\landingpage-smart\vendor\codeigniter4\framework\system\Database\Seeder.php(146): App\Database\Seeds\Jurusan->run()
#6 D:\Ilham\BTI-Projects\landingpage-smart\app\Database\Seeds\SeedMe.php(13): CodeIgniter\Database\Seeder->call('App\\Database\\Se...')
#7 D:\Ilham\BTI-Projects\landingpage-smart\vendor\codeigniter4\framework\system\Database\Seeder.php(146): App\Database\Seeds\SeedMe->run()
#8 D:\Ilham\BTI-Projects\landingpage-smart\vendor\codeigniter4\framework\system\Commands\Database\Seed.php(77): CodeIgniter\Database\Seeder->call('App\\Database\\Se...')
#9 D:\Ilham\BTI-Projects\landingpage-smart\vendor\codeigniter4\framework\system\CLI\Commands.php(65): CodeIgniter\Commands\Database\Seed->run(Array)
#10 D:\Ilham\BTI-Projects\landingpage-smart\vendor\codeigniter4\framework\system\CLI\Console.php(37): CodeIgniter\CLI\Commands->run('db:seed', Array)
#11 D:\Ilham\BTI-Projects\landingpage-smart\spark(97): CodeIgniter\CLI\Console->run()
#12 {main}
ERROR - 2023-05-23 08:32:41 --> mysqli_sql_exception: You have an error in your SQL syntax; check the manual that corresponds to your MySQL server version for the right syntax to use near '0, 1, 2, 3) VALUES (:0:, :1:, :2:, :3:)' at line 1 in D:\Ilham\BTI-Projects\landingpage-smart\vendor\codeigniter4\framework\system\Database\MySQLi\Connection.php:295
Stack trace:
#0 D:\Ilham\BTI-Projects\landingpage-smart\vendor\codeigniter4\framework\system\Database\MySQLi\Connection.php(295): mysqli->query('INSERT INTO `ti...', 0)
#1 D:\Ilham\BTI-Projects\landingpage-smart\vendor\codeigniter4\framework\system\Database\BaseConnection.php(692): CodeIgniter\Database\MySQLi\Connection->execute('INSERT INTO `ti...')
#2 D:\Ilham\BTI-Projects\landingpage-smart\vendor\codeigniter4\framework\system\Database\BaseConnection.php(606): CodeIgniter\Database\BaseConnection->simpleQuery('INSERT INTO `ti...')
#3 D:\Ilham\BTI-Projects\landingpage-smart\vendor\codeigniter4\framework\system\Database\BaseBuilder.php(2309): CodeIgniter\Database\BaseConnection->query('INSERT INTO `ti...', Array, false)
#4 D:\Ilham\BTI-Projects\landingpage-smart\app\Database\Seeds\TipePerkuliahan.php(36): CodeIgniter\Database\BaseBuilder->insert(Array)
#5 D:\Ilham\BTI-Projects\landingpage-smart\vendor\codeigniter4\framework\system\Database\Seeder.php(146): App\Database\Seeds\TipePerkuliahan->run()
#6 D:\Ilham\BTI-Projects\landingpage-smart\app\Database\Seeds\SeedMe.php(14): CodeIgniter\Database\Seeder->call('App\\Database\\Se...')
#7 D:\Ilham\BTI-Projects\landingpage-smart\vendor\codeigniter4\framework\system\Database\Seeder.php(146): App\Database\Seeds\SeedMe->run()
#8 D:\Ilham\BTI-Projects\landingpage-smart\vendor\codeigniter4\framework\system\Commands\Database\Seed.php(77): CodeIgniter\Database\Seeder->call('App\\Database\\Se...')
#9 D:\Ilham\BTI-Projects\landingpage-smart\vendor\codeigniter4\framework\system\CLI\Commands.php(65): CodeIgniter\Commands\Database\Seed->run(Array)
#10 D:\Ilham\BTI-Projects\landingpage-smart\vendor\codeigniter4\framework\system\CLI\Console.php(37): CodeIgniter\CLI\Commands->run('db:seed', Array)
#11 D:\Ilham\BTI-Projects\landingpage-smart\spark(97): CodeIgniter\CLI\Console->run()
#12 {main}
ERROR - 2023-05-23 09:12:01 --> mysqli_sql_exception: Unknown column 'image_detail_url' in 'field list' in D:\Ilham\BTI-Projects\landingpage-smart\vendor\codeigniter4\framework\system\Database\MySQLi\Connection.php:295
Stack trace:
#0 D:\Ilham\BTI-Projects\landingpage-smart\vendor\codeigniter4\framework\system\Database\MySQLi\Connection.php(295): mysqli->query('INSERT INTO `fa...', 0)
#1 D:\Ilham\BTI-Projects\landingpage-smart\vendor\codeigniter4\framework\system\Database\BaseConnection.php(692): CodeIgniter\Database\MySQLi\Connection->execute('INSERT INTO `fa...')
#2 D:\Ilham\BTI-Projects\landingpage-smart\vendor\codeigniter4\framework\system\Database\BaseConnection.php(606): CodeIgniter\Database\BaseConnection->simpleQuery('INSERT INTO `fa...')
#3 D:\Ilham\BTI-Projects\landingpage-smart\vendor\codeigniter4\framework\system\Database\BaseBuilder.php(2309): CodeIgniter\Database\BaseConnection->query('INSERT INTO `fa...', Array, false)
#4 D:\Ilham\BTI-Projects\landingpage-smart\app\Database\Seeds\Fasilitas.php(104): CodeIgniter\Database\BaseBuilder->insert(Array)
#5 D:\Ilham\BTI-Projects\landingpage-smart\vendor\codeigniter4\framework\system\Database\Seeder.php(146): App\Database\Seeds\Fasilitas->run()
#6 D:\Ilham\BTI-Projects\landingpage-smart\app\Database\Seeds\SeedMe.php(16): CodeIgniter\Database\Seeder->call('App\\Database\\Se...')
#7 D:\Ilham\BTI-Projects\landingpage-smart\vendor\codeigniter4\framework\system\Database\Seeder.php(146): App\Database\Seeds\SeedMe->run()
#8 D:\Ilham\BTI-Projects\landingpage-smart\vendor\codeigniter4\framework\system\Commands\Database\Seed.php(77): CodeIgniter\Database\Seeder->call('App\\Database\\Se...')
#9 D:\Ilham\BTI-Projects\landingpage-smart\vendor\codeigniter4\framework\system\CLI\Commands.php(65): CodeIgniter\Commands\Database\Seed->run(Array)
#10 D:\Ilham\BTI-Projects\landingpage-smart\vendor\codeigniter4\framework\system\CLI\Console.php(37): CodeIgniter\CLI\Commands->run('db:seed', Array)
#11 D:\Ilham\BTI-Projects\landingpage-smart\spark(97): CodeIgniter\CLI\Console->run()
#12 {main}
ERROR - 2023-05-23 09:12:25 --> mysqli_sql_exception: Unknown column 'image_detail_url' in 'field list' in D:\Ilham\BTI-Projects\landingpage-smart\vendor\codeigniter4\framework\system\Database\MySQLi\Connection.php:295
Stack trace:
#0 D:\Ilham\BTI-Projects\landingpage-smart\vendor\codeigniter4\framework\system\Database\MySQLi\Connection.php(295): mysqli->query('INSERT INTO `fa...', 0)
#1 D:\Ilham\BTI-Projects\landingpage-smart\vendor\codeigniter4\framework\system\Database\BaseConnection.php(692): CodeIgniter\Database\MySQLi\Connection->execute('INSERT INTO `fa...')
#2 D:\Ilham\BTI-Projects\landingpage-smart\vendor\codeigniter4\framework\system\Database\BaseConnection.php(606): CodeIgniter\Database\BaseConnection->simpleQuery('INSERT INTO `fa...')
#3 D:\Ilham\BTI-Projects\landingpage-smart\vendor\codeigniter4\framework\system\Database\BaseBuilder.php(2309): CodeIgniter\Database\BaseConnection->query('INSERT INTO `fa...', Array, false)
#4 D:\Ilham\BTI-Projects\landingpage-smart\app\Database\Seeds\Fasilitas.php(104): CodeIgniter\Database\BaseBuilder->insert(Array)
#5 D:\Ilham\BTI-Projects\landingpage-smart\vendor\codeigniter4\framework\system\Database\Seeder.php(146): App\Database\Seeds\Fasilitas->run()
#6 D:\Ilham\BTI-Projects\landingpage-smart\app\Database\Seeds\SeedMe.php(16): CodeIgniter\Database\Seeder->call('App\\Database\\Se...')
#7 D:\Ilham\BTI-Projects\landingpage-smart\vendor\codeigniter4\framework\system\Database\Seeder.php(146): App\Database\Seeds\SeedMe->run()
#8 D:\Ilham\BTI-Projects\landingpage-smart\vendor\codeigniter4\framework\system\Commands\Database\Seed.php(77): CodeIgniter\Database\Seeder->call('App\\Database\\Se...')
#9 D:\Ilham\BTI-Projects\landingpage-smart\vendor\codeigniter4\framework\system\CLI\Commands.php(65): CodeIgniter\Commands\Database\Seed->run(Array)
#10 D:\Ilham\BTI-Projects\landingpage-smart\vendor\codeigniter4\framework\system\CLI\Console.php(37): CodeIgniter\CLI\Commands->run('db:seed', Array)
#11 D:\Ilham\BTI-Projects\landingpage-smart\spark(97): CodeIgniter\CLI\Console->run()
#12 {main}
ERROR - 2023-05-23 09:24:20 --> mysqli_sql_exception: You have an error in your SQL syntax; check the manual that corresponds to your MySQL server version for the right syntax to use near '()
) DEFAULT CHARACTER SET = utf8 COLLATE = utf8_general_ci' at line 10 in D:\Ilham\BTI-Projects\landingpage-smart\vendor\codeigniter4\framework\system\Database\MySQLi\Connection.php:295
Stack trace:
#0 D:\Ilham\BTI-Projects\landingpage-smart\vendor\codeigniter4\framework\system\Database\MySQLi\Connection.php(295): mysqli->query('CREATE TABLE `s...', 0)
#1 D:\Ilham\BTI-Projects\landingpage-smart\vendor\codeigniter4\framework\system\Database\BaseConnection.php(692): CodeIgniter\Database\MySQLi\Connection->execute('CREATE TABLE `s...')
#2 D:\Ilham\BTI-Projects\landingpage-smart\vendor\codeigniter4\framework\system\Database\BaseConnection.php(606): CodeIgniter\Database\BaseConnection->simpleQuery('CREATE TABLE `s...')
#3 D:\Ilham\BTI-Projects\landingpage-smart\vendor\codeigniter4\framework\system\Database\Forge.php(546): CodeIgniter\Database\BaseConnection->query('CREATE TABLE `s...')
#4 D:\Ilham\BTI-Projects\landingpage-smart\app\Database\Migrations\2023-05-23-064110_SkemaPembayaran.php(44): CodeIgniter\Database\Forge->createTable('skema_pembayara...')
#5 D:\Ilham\BTI-Projects\landingpage-smart\vendor\codeigniter4\framework\system\Database\MigrationRunner.php(877): App\Database\Migrations\SkemaPembayaran->up()
#6 D:\Ilham\BTI-Projects\landingpage-smart\vendor\codeigniter4\framework\system\Database\MigrationRunner.php(188): CodeIgniter\Database\MigrationRunner->migrate('up', Object(stdClass))
#7 D:\Ilham\BTI-Projects\landingpage-smart\vendor\codeigniter4\framework\system\Commands\Database\Migrate.php(84): CodeIgniter\Database\MigrationRunner->latest(NULL)
#8 D:\Ilham\BTI-Projects\landingpage-smart\vendor\codeigniter4\framework\system\CLI\Commands.php(65): CodeIgniter\Commands\Database\Migrate->run(Array)
#9 D:\Ilham\BTI-Projects\landingpage-smart\vendor\codeigniter4\framework\system\CLI\Console.php(37): CodeIgniter\CLI\Commands->run('migrate', Array)
#10 D:\Ilham\BTI-Projects\landingpage-smart\spark(97): CodeIgniter\CLI\Console->run()
#11 {main}
